<?xml version="1.0" encoding="UTF-8"?>
<!-- Generated by org.testng.reporters.JUnitReportReporter -->
<testsuite hostname="DESKTOP-MP58OJN" failures="0" tests="2" name="tests.TestExamples" time="2.168" errors="0" timestamp="2024-02-23T15:06:40 IST" skipped="0">
  <testcase classname="tests.TestExamples" name="test_2" time="0.789"/>
  <testcase classname="tests.TestExamples" name="test_1" time="1.379"/>
</testsuite> <!-- tests.TestExamples -->
