<?xml version="1.0" encoding="UTF-8"?>
<!-- Generated by org.testng.reporters.JUnitReportReporter -->
<testsuite hostname="DESKTOP-MP58OJN" failures="0" tests="1" name="tests.GetAndPostExamples" time="1.807" errors="0" timestamp="2024-02-23T17:18:08 IST" skipped="0">
  <testcase classname="tests.GetAndPostExamples" name="testPost" time="1.807"/>
</testsuite> <!-- tests.GetAndPostExamples -->
